This file contains any messages produced by compilers while
running configure, to aid debugging if configure makes a mistake.

It was created by mastik configure 0.1, which was
generated by GNU Autoconf 2.69.  Invocation command line was

  $ ./configure 

## --------- ##
## Platform. ##
## --------- ##

hostname = ubuntu-VirtualBox
uname -m = x86_64
uname -r = 6.14.0-37-generic
uname -s = Linux
uname -v = #37~24.04.1-Ubuntu SMP PREEMPT_DYNAMIC Thu Nov 20 10:25:38 UTC 2

/usr/bin/uname -p = x86_64
/bin/uname -X     = unknown

/bin/arch              = x86_64
/usr/bin/arch -k       = unknown
/usr/convex/getsysinfo = unknown
/usr/bin/hostinfo      = unknown
/bin/machine           = unknown
/usr/bin/oslevel       = unknown
/bin/universe          = unknown

PATH: /usr/local/sbin
PATH: /usr/local/bin
PATH: /usr/sbin
PATH: /usr/bin
PATH: /sbin
PATH: /bin
PATH: /usr/games
PATH: /usr/local/games
PATH: /snap/bin
PATH: /snap/bin


## ----------- ##
## Core tests. ##
## ----------- ##

configure:2349: checking for gcc
configure:2365: found /usr/bin/gcc
configure:2376: result: gcc
configure:2605: checking for C compiler version
configure:2614: gcc --version >&5
gcc (Ubuntu 13.3.0-6ubuntu2~24.04) 13.3.0
Copyright (C) 2023 Free Software Foundation, Inc.
This is free software; see the source for copying conditions.  There is NO
warranty; not even for MERCHANTABILITY or FITNESS FOR A PARTICULAR PURPOSE.

configure:2625: $? = 0
configure:2614: gcc -v >&5
Using built-in specs.
COLLECT_GCC=gcc
COLLECT_LTO_WRAPPER=/usr/libexec/gcc/x86_64-linux-gnu/13/lto-wrapper
OFFLOAD_TARGET_NAMES=nvptx-none:amdgcn-amdhsa
OFFLOAD_TARGET_DEFAULT=1
Target: x86_64-linux-gnu
Configured with: ../src/configure -v --with-pkgversion='Ubuntu 13.3.0-6ubuntu2~24.04' --with-bugurl=file:///usr/share/doc/gcc-13/README.Bugs --enable-languages=c,ada,c++,go,d,fortran,objc,obj-c++,m2 --prefix=/usr --with-gcc-major-version-only --program-suffix=-13 --program-prefix=x86_64-linux-gnu- --enable-shared --enable-linker-build-id --libexecdir=/usr/libexec --without-included-gettext --enable-threads=posix --libdir=/usr/lib --enable-nls --enable-bootstrap --enable-clocale=gnu --enable-libstdcxx-debug --enable-libstdcxx-time=yes --with-default-libstdcxx-abi=new --enable-libstdcxx-backtrace --enable-gnu-unique-object --disable-vtable-verify --enable-plugin --enable-default-pie --with-system-zlib --enable-libphobos-checking=release --with-target-system-zlib=auto --enable-objc-gc=auto --enable-multiarch --disable-werror --enable-cet --with-arch-32=i686 --with-abi=m64 --with-multilib-list=m32,m64,mx32 --enable-multilib --with-tune=generic --enable-offload-targets=nvptx-none=/build/gcc-13-fG75Ri/gcc-13-13.3.0/debian/tmp-nvptx/usr,amdgcn-amdhsa=/build/gcc-13-fG75Ri/gcc-13-13.3.0/debian/tmp-gcn/usr --enable-offload-defaulted --without-cuda-driver --enable-checking=release --build=x86_64-linux-gnu --host=x86_64-linux-gnu --target=x86_64-linux-gnu --with-build-config=bootstrap-lto-lean --enable-link-serialization=2
Thread model: posix
Supported LTO compression algorithms: zlib zstd
gcc version 13.3.0 (Ubuntu 13.3.0-6ubuntu2~24.04) 
... rest of stderr output deleted ...
configure:2625: $? = 0
configure:2614: gcc -V >&5
gcc: error: unrecognized command-line option '-V'
gcc: fatal error: no input files
compilation terminated.
configure:2625: $? = 1
configure:2614: gcc -qversion >&5
gcc: error: unrecognized command-line option '-qversion'; did you mean '--version'?
gcc: fatal error: no input files
compilation terminated.
configure:2625: $? = 1
configure:2645: checking whether the C compiler works
configure:2667: gcc    conftest.c  >&5
configure:2671: $? = 0
configure:2719: result: yes
configure:2722: checking for C compiler default output file name
configure:2724: result: a.out
configure:2730: checking for suffix of executables
configure:2737: gcc -o conftest    conftest.c  >&5
configure:2741: $? = 0
configure:2763: result: 
configure:2785: checking whether we are cross compiling
configure:2793: gcc -o conftest    conftest.c  >&5
configure:2797: $? = 0
configure:2804: ./conftest
configure:2808: $? = 0
configure:2823: result: no
configure:2828: checking for suffix of object files
configure:2850: gcc -c   conftest.c >&5
configure:2854: $? = 0
configure:2875: result: o
configure:2879: checking whether we are using the GNU C compiler
configure:2898: gcc -c   conftest.c >&5
configure:2898: $? = 0
configure:2907: result: yes
configure:2916: checking whether gcc accepts -g
configure:2936: gcc -c -g  conftest.c >&5
configure:2936: $? = 0
configure:2977: result: yes
configure:2994: checking for gcc option to accept ISO C89
configure:3057: gcc  -c -g -O2  conftest.c >&5
configure:3057: $? = 0
configure:3070: result: none needed
configure:3091: checking for gcc option to accept ISO C99
configure:3240: gcc  -c -g -O2  conftest.c >&5
configure:3240: $? = 0
configure:3253: result: none needed
configure:3299: checking how to run the C preprocessor
configure:3330: gcc -E  conftest.c
configure:3330: $? = 0
configure:3344: gcc -E  conftest.c
conftest.c:9:10: fatal error: ac_nonexistent.h: No such file or directory
    9 | #include <ac_nonexistent.h>
      |          ^~~~~~~~~~~~~~~~~~
compilation terminated.
configure:3344: $? = 1
configure: failed program was:
| /* confdefs.h */
| #define PACKAGE_NAME "mastik"
| #define PACKAGE_TARNAME "mastik"
| #define PACKAGE_VERSION "0.1"
| #define PACKAGE_STRING "mastik 0.1"
| #define PACKAGE_BUGREPORT "yval@cs.adelaide.edu.au"
| #define PACKAGE_URL ""
| /* end confdefs.h.  */
| #include <ac_nonexistent.h>
configure:3369: result: gcc -E
configure:3389: gcc -E  conftest.c
configure:3389: $? = 0
configure:3403: gcc -E  conftest.c
conftest.c:9:10: fatal error: ac_nonexistent.h: No such file or directory
    9 | #include <ac_nonexistent.h>
      |          ^~~~~~~~~~~~~~~~~~
compilation terminated.
configure:3403: $? = 1
configure: failed program was:
| /* confdefs.h */
| #define PACKAGE_NAME "mastik"
| #define PACKAGE_TARNAME "mastik"
| #define PACKAGE_VERSION "0.1"
| #define PACKAGE_STRING "mastik 0.1"
| #define PACKAGE_BUGREPORT "yval@cs.adelaide.edu.au"
| #define PACKAGE_URL ""
| /* end confdefs.h.  */
| #include <ac_nonexistent.h>
configure:3432: checking for grep that handles long lines and -e
configure:3490: result: /usr/bin/grep
configure:3495: checking for egrep
configure:3557: result: /usr/bin/grep -E
configure:3562: checking for ANSI C header files
configure:3582: gcc -c -g -O2  conftest.c >&5
configure:3582: $? = 0
configure:3655: gcc -o conftest -g -O2   conftest.c  >&5
configure:3655: $? = 0
configure:3655: ./conftest
configure:3655: $? = 0
configure:3666: result: yes
configure:3679: checking for sys/types.h
configure:3679: gcc -c -g -O2  conftest.c >&5
configure:3679: $? = 0
configure:3679: result: yes
configure:3679: checking for sys/stat.h
configure:3679: gcc -c -g -O2  conftest.c >&5
configure:3679: $? = 0
configure:3679: result: yes
configure:3679: checking for stdlib.h
configure:3679: gcc -c -g -O2  conftest.c >&5
configure:3679: $? = 0
configure:3679: result: yes
configure:3679: checking for string.h
configure:3679: gcc -c -g -O2  conftest.c >&5
configure:3679: $? = 0
configure:3679: result: yes
configure:3679: checking for memory.h
configure:3679: gcc -c -g -O2  conftest.c >&5
configure:3679: $? = 0
configure:3679: result: yes
configure:3679: checking for strings.h
configure:3679: gcc -c -g -O2  conftest.c >&5
configure:3679: $? = 0
configure:3679: result: yes
configure:3679: checking for inttypes.h
configure:3679: gcc -c -g -O2  conftest.c >&5
configure:3679: $? = 0
configure:3679: result: yes
configure:3679: checking for stdint.h
configure:3679: gcc -c -g -O2  conftest.c >&5
configure:3679: $? = 0
configure:3679: result: yes
configure:3679: checking for unistd.h
configure:3679: gcc -c -g -O2  conftest.c >&5
configure:3679: $? = 0
configure:3679: result: yes
configure:3694: checking fcntl.h usability
configure:3694: gcc -c -g -O2  conftest.c >&5
configure:3694: $? = 0
configure:3694: result: yes
configure:3694: checking fcntl.h presence
configure:3694: gcc -E  conftest.c
configure:3694: $? = 0
configure:3694: result: yes
configure:3694: checking for fcntl.h
configure:3694: result: yes
configure:3694: checking for stdint.h
configure:3694: result: yes
configure:3694: checking for stdlib.h
configure:3694: result: yes
configure:3694: checking for string.h
configure:3694: result: yes
configure:3694: checking for strings.h
configure:3694: result: yes
configure:3694: checking for unistd.h
configure:3694: result: yes
configure:3694: checking sched.h usability
configure:3694: gcc -c -g -O2  conftest.c >&5
configure:3694: $? = 0
configure:3694: result: yes
configure:3694: checking sched.h presence
configure:3694: gcc -E  conftest.c
configure:3694: $? = 0
configure:3694: result: yes
configure:3694: checking for sched.h
configure:3694: result: yes
configure:3694: checking sys/prctl.h usability
configure:3694: gcc -c -g -O2  conftest.c >&5
configure:3694: $? = 0
configure:3694: result: yes
configure:3694: checking sys/prctl.h presence
configure:3694: gcc -E  conftest.c
configure:3694: $? = 0
configure:3694: result: yes
configure:3694: checking for sys/prctl.h
configure:3694: result: yes
configure:3707: checking for uname
configure:3725: found /usr/bin/uname
configure:3737: result: /usr/bin/uname
configure:3749: checking for python3
configure:3765: found /usr/bin/python3
configure:3776: result: python3
configure:3789: checking for python3
configure:3807: found /usr/bin/python3
configure:3819: result: /usr/bin/python3
configure:3838: checking mach-o/loader.h usability
configure:3838: gcc -c -g -O2  conftest.c >&5
conftest.c:60:10: fatal error: mach-o/loader.h: No such file or directory
   60 | #include <mach-o/loader.h>
      |          ^~~~~~~~~~~~~~~~~
compilation terminated.
configure:3838: $? = 1
configure: failed program was:
| /* confdefs.h */
| #define PACKAGE_NAME "mastik"
| #define PACKAGE_TARNAME "mastik"
| #define PACKAGE_VERSION "0.1"
| #define PACKAGE_STRING "mastik 0.1"
| #define PACKAGE_BUGREPORT "yval@cs.adelaide.edu.au"
| #define PACKAGE_URL ""
| #define STDC_HEADERS 1
| #define HAVE_SYS_TYPES_H 1
| #define HAVE_SYS_STAT_H 1
| #define HAVE_STDLIB_H 1
| #define HAVE_STRING_H 1
| #define HAVE_MEMORY_H 1
| #define HAVE_STRINGS_H 1
| #define HAVE_INTTYPES_H 1
| #define HAVE_STDINT_H 1
| #define HAVE_UNISTD_H 1
| #define HAVE_FCNTL_H 1
| #define HAVE_STDINT_H 1
| #define HAVE_STDLIB_H 1
| #define HAVE_STRING_H 1
| #define HAVE_STRINGS_H 1
| #define HAVE_UNISTD_H 1
| #define HAVE_SCHED_H 1
| #define HAVE_SYS_PRCTL_H 1
| /* end confdefs.h.  */
| #include <stdio.h>
| #ifdef HAVE_SYS_TYPES_H
| # include <sys/types.h>
| #endif
| #ifdef HAVE_SYS_STAT_H
| # include <sys/stat.h>
| #endif
| #ifdef STDC_HEADERS
| # include <stdlib.h>
| # include <stddef.h>
| #else
| # ifdef HAVE_STDLIB_H
| #  include <stdlib.h>
| # endif
| #endif
| #ifdef HAVE_STRING_H
| # if !defined STDC_HEADERS && defined HAVE_MEMORY_H
| #  include <memory.h>
| # endif
| # include <string.h>
| #endif
| #ifdef HAVE_STRINGS_H
| # include <strings.h>
| #endif
| #ifdef HAVE_INTTYPES_H
| # include <inttypes.h>
| #endif
| #ifdef HAVE_STDINT_H
| # include <stdint.h>
| #endif
| #ifdef HAVE_UNISTD_H
| # include <unistd.h>
| #endif
| #include <mach-o/loader.h>
configure:3838: result: no
configure:3838: checking mach-o/loader.h presence
configure:3838: gcc -E  conftest.c
conftest.c:27:10: fatal error: mach-o/loader.h: No such file or directory
   27 | #include <mach-o/loader.h>
      |          ^~~~~~~~~~~~~~~~~
compilation terminated.
configure:3838: $? = 1
configure: failed program was:
| /* confdefs.h */
| #define PACKAGE_NAME "mastik"
| #define PACKAGE_TARNAME "mastik"
| #define PACKAGE_VERSION "0.1"
| #define PACKAGE_STRING "mastik 0.1"
| #define PACKAGE_BUGREPORT "yval@cs.adelaide.edu.au"
| #define PACKAGE_URL ""
| #define STDC_HEADERS 1
| #define HAVE_SYS_TYPES_H 1
| #define HAVE_SYS_STAT_H 1
| #define HAVE_STDLIB_H 1
| #define HAVE_STRING_H 1
| #define HAVE_MEMORY_H 1
| #define HAVE_STRINGS_H 1
| #define HAVE_INTTYPES_H 1
| #define HAVE_STDINT_H 1
| #define HAVE_UNISTD_H 1
| #define HAVE_FCNTL_H 1
| #define HAVE_STDINT_H 1
| #define HAVE_STDLIB_H 1
| #define HAVE_STRING_H 1
| #define HAVE_STRINGS_H 1
| #define HAVE_UNISTD_H 1
| #define HAVE_SCHED_H 1
| #define HAVE_SYS_PRCTL_H 1
| /* end confdefs.h.  */
| #include <mach-o/loader.h>
configure:3838: result: no
configure:3838: checking for mach-o/loader.h
configure:3838: result: no
configure:3856: checking bfd.h usability
configure:3856: gcc -c -g -O2  conftest.c >&5
configure:3856: $? = 0
configure:3856: result: yes
configure:3856: checking bfd.h presence
configure:3856: gcc -E  conftest.c
configure:3856: $? = 0
configure:3856: result: yes
configure:3856: checking for bfd.h
configure:3856: result: yes
configure:3868: checking for bfd_init in -lbfd
configure:3893: gcc -o conftest -g -O2   conftest.c -lbfd   >&5
configure:3893: $? = 0
configure:3902: result: yes
configure:3915: checking for elf_version in -lelf
configure:3940: gcc -o conftest -g -O2   conftest.c -lelf  -lbfd  >&5
configure:3940: $? = 0
configure:3949: result: yes
configure:3980: gcc -c -g -O2  conftest.c >&5
conftest.c: In function 'main':
conftest.c:35:17: warning: passing argument 1 of 'bfd_section_vma' from incompatible pointer type [-Wincompatible-pointer-types]
   35 | bfd_section_vma((bfd*)0,(asection*)0);
      |                 ^~~~~~~
      |                 |
      |                 bfd *
In file included from conftest.c:31:
/usr/include/bfd.h:844:34: note: expected 'const asection *' {aka 'const struct bfd_section *'} but argument is of type 'bfd *'
  844 | bfd_section_vma (const asection *sec)
      |                  ~~~~~~~~~~~~~~~~^~~
conftest.c:35:1: error: too many arguments to function 'bfd_section_vma'
   35 | bfd_section_vma((bfd*)0,(asection*)0);
      | ^~~~~~~~~~~~~~~
/usr/include/bfd.h:844:1: note: declared here
  844 | bfd_section_vma (const asection *sec)
      | ^~~~~~~~~~~~~~~
configure:3980: $? = 1
configure: failed program was:
| /* confdefs.h */
| #define PACKAGE_NAME "mastik"
| #define PACKAGE_TARNAME "mastik"
| #define PACKAGE_VERSION "0.1"
| #define PACKAGE_STRING "mastik 0.1"
| #define PACKAGE_BUGREPORT "yval@cs.adelaide.edu.au"
| #define PACKAGE_URL ""
| #define STDC_HEADERS 1
| #define HAVE_SYS_TYPES_H 1
| #define HAVE_SYS_STAT_H 1
| #define HAVE_STDLIB_H 1
| #define HAVE_STRING_H 1
| #define HAVE_MEMORY_H 1
| #define HAVE_STRINGS_H 1
| #define HAVE_INTTYPES_H 1
| #define HAVE_STDINT_H 1
| #define HAVE_UNISTD_H 1
| #define HAVE_FCNTL_H 1
| #define HAVE_STDINT_H 1
| #define HAVE_STDLIB_H 1
| #define HAVE_STRING_H 1
| #define HAVE_STRINGS_H 1
| #define HAVE_UNISTD_H 1
| #define HAVE_SCHED_H 1
| #define HAVE_SYS_PRCTL_H 1
| #define HAVE_BFD_H 1
| #define HAVE_LIBBFD 1
| #define HAVE_LIBELF 1
| #define HAVE_SYMBOLS 1
| /* end confdefs.h.  */
| #include <bfd.h>
| int
| main ()
| {
| bfd_section_vma((bfd*)0,(asection*)0);
|   ;
|   return 0;
| }
configure:3989: checking for dwarf_init in -ldwarf
configure:4014: gcc -o conftest -g -O2   conftest.c -ldwarf  -lelf -lbfd  >&5
configure:4014: $? = 0
configure:4023: result: yes
configure:4039: checking libdwarf.h usability
configure:4039: gcc -c -g -O2  conftest.c >&5
conftest.c:65:10: fatal error: libdwarf.h: No such file or directory
   65 | #include <libdwarf.h>
      |          ^~~~~~~~~~~~
compilation terminated.
configure:4039: $? = 1
configure: failed program was:
| /* confdefs.h */
| #define PACKAGE_NAME "mastik"
| #define PACKAGE_TARNAME "mastik"
| #define PACKAGE_VERSION "0.1"
| #define PACKAGE_STRING "mastik 0.1"
| #define PACKAGE_BUGREPORT "yval@cs.adelaide.edu.au"
| #define PACKAGE_URL ""
| #define STDC_HEADERS 1
| #define HAVE_SYS_TYPES_H 1
| #define HAVE_SYS_STAT_H 1
| #define HAVE_STDLIB_H 1
| #define HAVE_STRING_H 1
| #define HAVE_MEMORY_H 1
| #define HAVE_STRINGS_H 1
| #define HAVE_INTTYPES_H 1
| #define HAVE_STDINT_H 1
| #define HAVE_UNISTD_H 1
| #define HAVE_FCNTL_H 1
| #define HAVE_STDINT_H 1
| #define HAVE_STDLIB_H 1
| #define HAVE_STRING_H 1
| #define HAVE_STRINGS_H 1
| #define HAVE_UNISTD_H 1
| #define HAVE_SCHED_H 1
| #define HAVE_SYS_PRCTL_H 1
| #define HAVE_BFD_H 1
| #define HAVE_LIBBFD 1
| #define HAVE_LIBELF 1
| #define HAVE_SYMBOLS 1
| #define HAVE_LIBDWARF 1
| /* end confdefs.h.  */
| #include <stdio.h>
| #ifdef HAVE_SYS_TYPES_H
| # include <sys/types.h>
| #endif
| #ifdef HAVE_SYS_STAT_H
| # include <sys/stat.h>
| #endif
| #ifdef STDC_HEADERS
| # include <stdlib.h>
| # include <stddef.h>
| #else
| # ifdef HAVE_STDLIB_H
| #  include <stdlib.h>
| # endif
| #endif
| #ifdef HAVE_STRING_H
| # if !defined STDC_HEADERS && defined HAVE_MEMORY_H
| #  include <memory.h>
| # endif
| # include <string.h>
| #endif
| #ifdef HAVE_STRINGS_H
| # include <strings.h>
| #endif
| #ifdef HAVE_INTTYPES_H
| # include <inttypes.h>
| #endif
| #ifdef HAVE_STDINT_H
| # include <stdint.h>
| #endif
| #ifdef HAVE_UNISTD_H
| # include <unistd.h>
| #endif
| #include <libdwarf.h>
configure:4039: result: no
configure:4039: checking libdwarf.h presence
configure:4039: gcc -E  conftest.c
conftest.c:32:10: fatal error: libdwarf.h: No such file or directory
   32 | #include <libdwarf.h>
      |          ^~~~~~~~~~~~
compilation terminated.
configure:4039: $? = 1
configure: failed program was:
| /* confdefs.h */
| #define PACKAGE_NAME "mastik"
| #define PACKAGE_TARNAME "mastik"
| #define PACKAGE_VERSION "0.1"
| #define PACKAGE_STRING "mastik 0.1"
| #define PACKAGE_BUGREPORT "yval@cs.adelaide.edu.au"
| #define PACKAGE_URL ""
| #define STDC_HEADERS 1
| #define HAVE_SYS_TYPES_H 1
| #define HAVE_SYS_STAT_H 1
| #define HAVE_STDLIB_H 1
| #define HAVE_STRING_H 1
| #define HAVE_MEMORY_H 1
| #define HAVE_STRINGS_H 1
| #define HAVE_INTTYPES_H 1
| #define HAVE_STDINT_H 1
| #define HAVE_UNISTD_H 1
| #define HAVE_FCNTL_H 1
| #define HAVE_STDINT_H 1
| #define HAVE_STDLIB_H 1
| #define HAVE_STRING_H 1
| #define HAVE_STRINGS_H 1
| #define HAVE_UNISTD_H 1
| #define HAVE_SCHED_H 1
| #define HAVE_SYS_PRCTL_H 1
| #define HAVE_BFD_H 1
| #define HAVE_LIBBFD 1
| #define HAVE_LIBELF 1
| #define HAVE_SYMBOLS 1
| #define HAVE_LIBDWARF 1
| /* end confdefs.h.  */
| #include <libdwarf.h>
configure:4039: result: no
configure:4039: checking for libdwarf.h
configure:4039: result: no
configure:4039: checking libdwarf/libdwarf.h usability
configure:4039: gcc -c -g -O2  conftest.c >&5
configure:4039: $? = 0
configure:4039: result: yes
configure:4039: checking libdwarf/libdwarf.h presence
configure:4039: gcc -E  conftest.c
configure:4039: $? = 0
configure:4039: result: yes
configure:4039: checking for libdwarf/libdwarf.h
configure:4039: result: yes
configure:4096: WARNING: Doubloon needs these missing modules:  wx numpy paramiko matplotlib tqdm
configure:4111: checking for inline
configure:4127: gcc -c -g -O2  conftest.c >&5
configure:4127: $? = 0
configure:4135: result: inline
configure:4153: checking for int16_t
configure:4153: gcc -c -g -O2  conftest.c >&5
configure:4153: $? = 0
configure:4153: gcc -c -g -O2  conftest.c >&5
conftest.c: In function 'main':
conftest.c:72:12: error: size of array 'test_array' is negative
   72 | static int test_array [1 - 2 * !((int16_t) (((((int16_t) 1 << N) << N) - 1) * 2 + 1)
      |            ^~~~~~~~~~
configure:4153: $? = 1
configure: failed program was:
| /* confdefs.h */
| #define PACKAGE_NAME "mastik"
| #define PACKAGE_TARNAME "mastik"
| #define PACKAGE_VERSION "0.1"
| #define PACKAGE_STRING "mastik 0.1"
| #define PACKAGE_BUGREPORT "yval@cs.adelaide.edu.au"
| #define PACKAGE_URL ""
| #define STDC_HEADERS 1
| #define HAVE_SYS_TYPES_H 1
| #define HAVE_SYS_STAT_H 1
| #define HAVE_STDLIB_H 1
| #define HAVE_STRING_H 1
| #define HAVE_MEMORY_H 1
| #define HAVE_STRINGS_H 1
| #define HAVE_INTTYPES_H 1
| #define HAVE_STDINT_H 1
| #define HAVE_UNISTD_H 1
| #define HAVE_FCNTL_H 1
| #define HAVE_STDINT_H 1
| #define HAVE_STDLIB_H 1
| #define HAVE_STRING_H 1
| #define HAVE_STRINGS_H 1
| #define HAVE_UNISTD_H 1
| #define HAVE_SCHED_H 1
| #define HAVE_SYS_PRCTL_H 1
| #define HAVE_BFD_H 1
| #define HAVE_LIBBFD 1
| #define HAVE_LIBELF 1
| #define HAVE_SYMBOLS 1
| #define HAVE_LIBDWARF 1
| #define HAVE_LIBDWARF_LIBDWARF_H 1
| #define HAVE_DEBUG_SYMBOLS 1
| #define HAVE_DWARF 1
| /* end confdefs.h.  */
| #include <stdio.h>
| #ifdef HAVE_SYS_TYPES_H
| # include <sys/types.h>
| #endif
| #ifdef HAVE_SYS_STAT_H
| # include <sys/stat.h>
| #endif
| #ifdef STDC_HEADERS
| # include <stdlib.h>
| # include <stddef.h>
| #else
| # ifdef HAVE_STDLIB_H
| #  include <stdlib.h>
| # endif
| #endif
| #ifdef HAVE_STRING_H
| # if !defined STDC_HEADERS && defined HAVE_MEMORY_H
| #  include <memory.h>
| # endif
| # include <string.h>
| #endif
| #ifdef HAVE_STRINGS_H
| # include <strings.h>
| #endif
| #ifdef HAVE_INTTYPES_H
| # include <inttypes.h>
| #endif
| #ifdef HAVE_STDINT_H
| # include <stdint.h>
| #endif
| #ifdef HAVE_UNISTD_H
| # include <unistd.h>
| #endif
| 	        enum { N = 16 / 2 - 1 };
| int
| main ()
| {
| static int test_array [1 - 2 * !((int16_t) (((((int16_t) 1 << N) << N) - 1) * 2 + 1)
| 		 < (int16_t) (((((int16_t) 1 << N) << N) - 1) * 2 + 2))];
| test_array [0] = 0;
| return test_array [0];
| 
|   ;
|   return 0;
| }
configure:4153: result: yes
configure:4164: checking for pid_t
configure:4164: gcc -c -g -O2  conftest.c >&5
configure:4164: $? = 0
configure:4164: gcc -c -g -O2  conftest.c >&5
conftest.c: In function 'main':
conftest.c:71:20: error: expected expression before ')' token
   71 | if (sizeof ((pid_t)))
      |                    ^
configure:4164: $? = 1
configure: failed program was:
| /* confdefs.h */
| #define PACKAGE_NAME "mastik"
| #define PACKAGE_TARNAME "mastik"
| #define PACKAGE_VERSION "0.1"
| #define PACKAGE_STRING "mastik 0.1"
| #define PACKAGE_BUGREPORT "yval@cs.adelaide.edu.au"
| #define PACKAGE_URL ""
| #define STDC_HEADERS 1
| #define HAVE_SYS_TYPES_H 1
| #define HAVE_SYS_STAT_H 1
| #define HAVE_STDLIB_H 1
| #define HAVE_STRING_H 1
| #define HAVE_MEMORY_H 1
| #define HAVE_STRINGS_H 1
| #define HAVE_INTTYPES_H 1
| #define HAVE_STDINT_H 1
| #define HAVE_UNISTD_H 1
| #define HAVE_FCNTL_H 1
| #define HAVE_STDINT_H 1
| #define HAVE_STDLIB_H 1
| #define HAVE_STRING_H 1
| #define HAVE_STRINGS_H 1
| #define HAVE_UNISTD_H 1
| #define HAVE_SCHED_H 1
| #define HAVE_SYS_PRCTL_H 1
| #define HAVE_BFD_H 1
| #define HAVE_LIBBFD 1
| #define HAVE_LIBELF 1
| #define HAVE_SYMBOLS 1
| #define HAVE_LIBDWARF 1
| #define HAVE_LIBDWARF_LIBDWARF_H 1
| #define HAVE_DEBUG_SYMBOLS 1
| #define HAVE_DWARF 1
| /* end confdefs.h.  */
| #include <stdio.h>
| #ifdef HAVE_SYS_TYPES_H
| # include <sys/types.h>
| #endif
| #ifdef HAVE_SYS_STAT_H
| # include <sys/stat.h>
| #endif
| #ifdef STDC_HEADERS
| # include <stdlib.h>
| # include <stddef.h>
| #else
| # ifdef HAVE_STDLIB_H
| #  include <stdlib.h>
| # endif
| #endif
| #ifdef HAVE_STRING_H
| # if !defined STDC_HEADERS && defined HAVE_MEMORY_H
| #  include <memory.h>
| # endif
| # include <string.h>
| #endif
| #ifdef HAVE_STRINGS_H
| # include <strings.h>
| #endif
| #ifdef HAVE_INTTYPES_H
| # include <inttypes.h>
| #endif
| #ifdef HAVE_STDINT_H
| # include <stdint.h>
| #endif
| #ifdef HAVE_UNISTD_H
| # include <unistd.h>
| #endif
| int
| main ()
| {
| if (sizeof ((pid_t)))
| 	    return 0;
|   ;
|   return 0;
| }
configure:4164: result: yes
configure:4175: checking for size_t
configure:4175: gcc -c -g -O2  conftest.c >&5
configure:4175: $? = 0
configure:4175: gcc -c -g -O2  conftest.c >&5
conftest.c: In function 'main':
conftest.c:71:21: error: expected expression before ')' token
   71 | if (sizeof ((size_t)))
      |                     ^
configure:4175: $? = 1
configure: failed program was:
| /* confdefs.h */
| #define PACKAGE_NAME "mastik"
| #define PACKAGE_TARNAME "mastik"
| #define PACKAGE_VERSION "0.1"
| #define PACKAGE_STRING "mastik 0.1"
| #define PACKAGE_BUGREPORT "yval@cs.adelaide.edu.au"
| #define PACKAGE_URL ""
| #define STDC_HEADERS 1
| #define HAVE_SYS_TYPES_H 1
| #define HAVE_SYS_STAT_H 1
| #define HAVE_STDLIB_H 1
| #define HAVE_STRING_H 1
| #define HAVE_MEMORY_H 1
| #define HAVE_STRINGS_H 1
| #define HAVE_INTTYPES_H 1
| #define HAVE_STDINT_H 1
| #define HAVE_UNISTD_H 1
| #define HAVE_FCNTL_H 1
| #define HAVE_STDINT_H 1
| #define HAVE_STDLIB_H 1
| #define HAVE_STRING_H 1
| #define HAVE_STRINGS_H 1
| #define HAVE_UNISTD_H 1
| #define HAVE_SCHED_H 1
| #define HAVE_SYS_PRCTL_H 1
| #define HAVE_BFD_H 1
| #define HAVE_LIBBFD 1
| #define HAVE_LIBELF 1
| #define HAVE_SYMBOLS 1
| #define HAVE_LIBDWARF 1
| #define HAVE_LIBDWARF_LIBDWARF_H 1
| #define HAVE_DEBUG_SYMBOLS 1
| #define HAVE_DWARF 1
| /* end confdefs.h.  */
| #include <stdio.h>
| #ifdef HAVE_SYS_TYPES_H
| # include <sys/types.h>
| #endif
| #ifdef HAVE_SYS_STAT_H
| # include <sys/stat.h>
| #endif
| #ifdef STDC_HEADERS
| # include <stdlib.h>
| # include <stddef.h>
| #else
| # ifdef HAVE_STDLIB_H
| #  include <stdlib.h>
| # endif
| #endif
| #ifdef HAVE_STRING_H
| # if !defined STDC_HEADERS && defined HAVE_MEMORY_H
| #  include <memory.h>
| # endif
| # include <string.h>
| #endif
| #ifdef HAVE_STRINGS_H
| # include <strings.h>
| #endif
| #ifdef HAVE_INTTYPES_H
| # include <inttypes.h>
| #endif
| #ifdef HAVE_STDINT_H
| # include <stdint.h>
| #endif
| #ifdef HAVE_UNISTD_H
| # include <unistd.h>
| #endif
| int
| main ()
| {
| if (sizeof ((size_t)))
| 	    return 0;
|   ;
|   return 0;
| }
configure:4175: result: yes
configure:4186: checking for uint16_t
configure:4186: gcc -c -g -O2  conftest.c >&5
configure:4186: $? = 0
configure:4186: result: yes
configure:4198: checking for uint32_t
configure:4198: gcc -c -g -O2  conftest.c >&5
configure:4198: $? = 0
configure:4198: result: yes
configure:4212: checking for uint64_t
configure:4212: gcc -c -g -O2  conftest.c >&5
configure:4212: $? = 0
configure:4212: result: yes
configure:4226: checking for uint8_t
configure:4226: gcc -c -g -O2  conftest.c >&5
configure:4226: $? = 0
configure:4226: result: yes
configure:4244: checking vfork.h usability
configure:4244: gcc -c -g -O2  conftest.c >&5
conftest.c:68:10: fatal error: vfork.h: No such file or directory
   68 | #include <vfork.h>
      |          ^~~~~~~~~
compilation terminated.
configure:4244: $? = 1
configure: failed program was:
| /* confdefs.h */
| #define PACKAGE_NAME "mastik"
| #define PACKAGE_TARNAME "mastik"
| #define PACKAGE_VERSION "0.1"
| #define PACKAGE_STRING "mastik 0.1"
| #define PACKAGE_BUGREPORT "yval@cs.adelaide.edu.au"
| #define PACKAGE_URL ""
| #define STDC_HEADERS 1
| #define HAVE_SYS_TYPES_H 1
| #define HAVE_SYS_STAT_H 1
| #define HAVE_STDLIB_H 1
| #define HAVE_STRING_H 1
| #define HAVE_MEMORY_H 1
| #define HAVE_STRINGS_H 1
| #define HAVE_INTTYPES_H 1
| #define HAVE_STDINT_H 1
| #define HAVE_UNISTD_H 1
| #define HAVE_FCNTL_H 1
| #define HAVE_STDINT_H 1
| #define HAVE_STDLIB_H 1
| #define HAVE_STRING_H 1
| #define HAVE_STRINGS_H 1
| #define HAVE_UNISTD_H 1
| #define HAVE_SCHED_H 1
| #define HAVE_SYS_PRCTL_H 1
| #define HAVE_BFD_H 1
| #define HAVE_LIBBFD 1
| #define HAVE_LIBELF 1
| #define HAVE_SYMBOLS 1
| #define HAVE_LIBDWARF 1
| #define HAVE_LIBDWARF_LIBDWARF_H 1
| #define HAVE_DEBUG_SYMBOLS 1
| #define HAVE_DWARF 1
| /* end confdefs.h.  */
| #include <stdio.h>
| #ifdef HAVE_SYS_TYPES_H
| # include <sys/types.h>
| #endif
| #ifdef HAVE_SYS_STAT_H
| # include <sys/stat.h>
| #endif
| #ifdef STDC_HEADERS
| # include <stdlib.h>
| # include <stddef.h>
| #else
| # ifdef HAVE_STDLIB_H
| #  include <stdlib.h>
| # endif
| #endif
| #ifdef HAVE_STRING_H
| # if !defined STDC_HEADERS && defined HAVE_MEMORY_H
| #  include <memory.h>
| # endif
| # include <string.h>
| #endif
| #ifdef HAVE_STRINGS_H
| # include <strings.h>
| #endif
| #ifdef HAVE_INTTYPES_H
| # include <inttypes.h>
| #endif
| #ifdef HAVE_STDINT_H
| # include <stdint.h>
| #endif
| #ifdef HAVE_UNISTD_H
| # include <unistd.h>
| #endif
| #include <vfork.h>
configure:4244: result: no
configure:4244: checking vfork.h presence
configure:4244: gcc -E  conftest.c
conftest.c:35:10: fatal error: vfork.h: No such file or directory
   35 | #include <vfork.h>
      |          ^~~~~~~~~
compilation terminated.
configure:4244: $? = 1
configure: failed program was:
| /* confdefs.h */
| #define PACKAGE_NAME "mastik"
| #define PACKAGE_TARNAME "mastik"
| #define PACKAGE_VERSION "0.1"
| #define PACKAGE_STRING "mastik 0.1"
| #define PACKAGE_BUGREPORT "yval@cs.adelaide.edu.au"
| #define PACKAGE_URL ""
| #define STDC_HEADERS 1
| #define HAVE_SYS_TYPES_H 1
| #define HAVE_SYS_STAT_H 1
| #define HAVE_STDLIB_H 1
| #define HAVE_STRING_H 1
| #define HAVE_MEMORY_H 1
| #define HAVE_STRINGS_H 1
| #define HAVE_INTTYPES_H 1
| #define HAVE_STDINT_H 1
| #define HAVE_UNISTD_H 1
| #define HAVE_FCNTL_H 1
| #define HAVE_STDINT_H 1
| #define HAVE_STDLIB_H 1
| #define HAVE_STRING_H 1
| #define HAVE_STRINGS_H 1
| #define HAVE_UNISTD_H 1
| #define HAVE_SCHED_H 1
| #define HAVE_SYS_PRCTL_H 1
| #define HAVE_BFD_H 1
| #define HAVE_LIBBFD 1
| #define HAVE_LIBELF 1
| #define HAVE_SYMBOLS 1
| #define HAVE_LIBDWARF 1
| #define HAVE_LIBDWARF_LIBDWARF_H 1
| #define HAVE_DEBUG_SYMBOLS 1
| #define HAVE_DWARF 1
| /* end confdefs.h.  */
| #include <vfork.h>
configure:4244: result: no
configure:4244: checking for vfork.h
configure:4244: result: no
configure:4257: checking for fork
configure:4257: gcc -o conftest -g -O2   conftest.c -ldwarf -lelf -lbfd  >&5
conftest.c:58:6: warning: conflicting types for built-in function 'fork'; expected 'int(void)' [-Wbuiltin-declaration-mismatch]
   58 | char fork ();
      |      ^~~~
configure:4257: $? = 0
configure:4257: result: yes
configure:4257: checking for vfork
configure:4257: gcc -o conftest -g -O2   conftest.c -ldwarf -lelf -lbfd  >&5
configure:4257: $? = 0
configure:4257: result: yes
configure:4267: checking for working fork
configure:4289: gcc -o conftest -g -O2   conftest.c -ldwarf -lelf -lbfd  >&5
configure:4289: $? = 0
configure:4289: ./conftest
configure:4289: $? = 0
configure:4299: result: yes
configure:4320: checking for working vfork
configure:4430: result: yes
configure:4457: checking for stdlib.h
configure:4457: result: yes
configure:4467: checking for GNU libc compatible malloc
configure:4491: gcc -o conftest -g -O2   conftest.c -ldwarf -lelf -lbfd  >&5
configure:4491: $? = 0
configure:4491: ./conftest
configure:4491: $? = 0
configure:4501: result: yes
configure:4528: checking for stdlib.h
configure:4528: result: yes
configure:4528: checking for unistd.h
configure:4528: result: yes
configure:4528: checking for sys/param.h
configure:4528: gcc -c -g -O2  conftest.c >&5
configure:4528: $? = 0
configure:4528: result: yes
configure:4548: checking for getpagesize
configure:4548: gcc -o conftest -g -O2   conftest.c -ldwarf -lelf -lbfd  >&5
configure:4548: $? = 0
configure:4548: result: yes
configure:4557: checking for working mmap
configure:4704: gcc -o conftest -g -O2   conftest.c -ldwarf -lelf -lbfd  >&5
configure:4704: $? = 0
configure:4704: ./conftest
configure:4704: $? = 0
configure:4714: result: yes
configure:4725: checking for stdlib.h
configure:4725: result: yes
configure:4735: checking for GNU libc compatible realloc
configure:4759: gcc -o conftest -g -O2   conftest.c -ldwarf -lelf -lbfd  >&5
configure:4759: $? = 0
configure:4759: ./conftest
configure:4759: $? = 0
configure:4769: result: yes
configure:4793: checking for bzero
configure:4793: gcc -o conftest -g -O2   conftest.c -ldwarf -lelf -lbfd  >&5
conftest.c:71:6: warning: conflicting types for built-in function 'bzero'; expected 'void(void *, long unsigned int)' [-Wbuiltin-declaration-mismatch]
   71 | char bzero ();
      |      ^~~~~
configure:4793: $? = 0
configure:4793: result: yes
configure:4793: checking for memset
configure:4793: gcc -o conftest -g -O2   conftest.c -ldwarf -lelf -lbfd  >&5
conftest.c:72:6: warning: conflicting types for built-in function 'memset'; expected 'void *(void *, int,  long unsigned int)' [-Wbuiltin-declaration-mismatch]
   72 | char memset ();
      |      ^~~~~~
conftest.c:60:1: note: 'memset' is declared in header '<string.h>'
   59 | # include <limits.h>
   60 | #else
configure:4793: $? = 0
configure:4793: result: yes
configure:4793: checking for munmap
configure:4793: gcc -o conftest -g -O2   conftest.c -ldwarf -lelf -lbfd  >&5
configure:4793: $? = 0
configure:4793: result: yes
configure:4793: checking for strchr
configure:4793: gcc -o conftest -g -O2   conftest.c -ldwarf -lelf -lbfd  >&5
conftest.c:74:6: warning: conflicting types for built-in function 'strchr'; expected 'char *(const char *, int)' [-Wbuiltin-declaration-mismatch]
   74 | char strchr ();
      |      ^~~~~~
conftest.c:62:1: note: 'strchr' is declared in header '<string.h>'
   61 | # include <limits.h>
   62 | #else
configure:4793: $? = 0
configure:4793: result: yes
configure:4793: checking for strdup
configure:4793: gcc -o conftest -g -O2   conftest.c -ldwarf -lelf -lbfd  >&5
conftest.c:75:6: warning: conflicting types for built-in function 'strdup'; expected 'char *(const char *)' [-Wbuiltin-declaration-mismatch]
   75 | char strdup ();
      |      ^~~~~~
configure:4793: $? = 0
configure:4793: result: yes
configure:4793: checking for strtoul
configure:4793: gcc -o conftest -g -O2   conftest.c -ldwarf -lelf -lbfd  >&5
configure:4793: $? = 0
configure:4793: result: yes
configure:4793: checking for strtoull
configure:4793: gcc -o conftest -g -O2   conftest.c -ldwarf -lelf -lbfd  >&5
configure:4793: $? = 0
configure:4793: result: yes
configure:4793: checking for uname
configure:4793: gcc -o conftest -g -O2   conftest.c -ldwarf -lelf -lbfd  >&5
configure:4793: $? = 0
configure:4793: result: yes
configure:4805: checking for mmap64
configure:4805: gcc -o conftest -g -O2   conftest.c -ldwarf -lelf -lbfd  >&5
configure:4805: $? = 0
configure:4805: result: yes
configure:4805: checking for sched_setaffinity
configure:4805: gcc -o conftest -g -O2   conftest.c -ldwarf -lelf -lbfd  >&5
configure:4805: $? = 0
configure:4805: result: yes
configure:4953: creating ./config.status

## ---------------------- ##
## Running config.status. ##
## ---------------------- ##

This file was extended by mastik config.status 0.1, which was
generated by GNU Autoconf 2.69.  Invocation command line was

  CONFIG_FILES    = 
  CONFIG_HEADERS  = 
  CONFIG_LINKS    = 
  CONFIG_COMMANDS = 
  $ ./config.status 

on ubuntu-VirtualBox

config.status:851: creating Makefile
config.status:851: creating mastik/Makefile
config.status:851: creating src/Makefile
config.status:851: creating bin/Makefile
config.status:851: creating demo/Makefile
config.status:851: creating tests/Makefile
config.status:851: creating tools/Makefile
config.status:851: creating tools/Doubloon/Makefile
config.status:851: creating src/config.h
config.status:851: creating demo/config.h

## ---------------- ##
## Cache variables. ##
## ---------------- ##

ac_cv_c_compiler_gnu=yes
ac_cv_c_inline=inline
ac_cv_c_int16_t=yes
ac_cv_c_uint16_t=yes
ac_cv_c_uint32_t=yes
ac_cv_c_uint64_t=yes
ac_cv_c_uint8_t=yes
ac_cv_env_CC_set=
ac_cv_env_CC_value=
ac_cv_env_CFLAGS_set=
ac_cv_env_CFLAGS_value=
ac_cv_env_CPPFLAGS_set=
ac_cv_env_CPPFLAGS_value=
ac_cv_env_CPP_set=
ac_cv_env_CPP_value=
ac_cv_env_LDFLAGS_set=
ac_cv_env_LDFLAGS_value=
ac_cv_env_LIBS_set=
ac_cv_env_LIBS_value=
ac_cv_env_build_alias_set=
ac_cv_env_build_alias_value=
ac_cv_env_host_alias_set=
ac_cv_env_host_alias_value=
ac_cv_env_target_alias_set=
ac_cv_env_target_alias_value=
ac_cv_func_bzero=yes
ac_cv_func_fork=yes
ac_cv_func_fork_works=yes
ac_cv_func_getpagesize=yes
ac_cv_func_malloc_0_nonnull=yes
ac_cv_func_memset=yes
ac_cv_func_mmap64=yes
ac_cv_func_mmap_fixed_mapped=yes
ac_cv_func_munmap=yes
ac_cv_func_realloc_0_nonnull=yes
ac_cv_func_sched_setaffinity=yes
ac_cv_func_strchr=yes
ac_cv_func_strdup=yes
ac_cv_func_strtoul=yes
ac_cv_func_strtoull=yes
ac_cv_func_uname=yes
ac_cv_func_vfork=yes
ac_cv_func_vfork_works=yes
ac_cv_header_bfd_h=yes
ac_cv_header_fcntl_h=yes
ac_cv_header_inttypes_h=yes
ac_cv_header_libdwarf_h=no
ac_cv_header_libdwarf_libdwarf_h=yes
ac_cv_header_mach_o_loader_h=no
ac_cv_header_memory_h=yes
ac_cv_header_sched_h=yes
ac_cv_header_stdc=yes
ac_cv_header_stdint_h=yes
ac_cv_header_stdlib_h=yes
ac_cv_header_string_h=yes
ac_cv_header_strings_h=yes
ac_cv_header_sys_param_h=yes
ac_cv_header_sys_prctl_h=yes
ac_cv_header_sys_stat_h=yes
ac_cv_header_sys_types_h=yes
ac_cv_header_unistd_h=yes
ac_cv_header_vfork_h=no
ac_cv_lib_bfd_bfd_init=yes
ac_cv_lib_dwarf_dwarf_init=yes
ac_cv_lib_elf_elf_version=yes
ac_cv_objext=o
ac_cv_path_EGREP='/usr/bin/grep -E'
ac_cv_path_GREP=/usr/bin/grep
ac_cv_path_PYTHON=/usr/bin/python3
ac_cv_path_UNAME=/usr/bin/uname
ac_cv_prog_CPP='gcc -E'
ac_cv_prog_PYTHON=python3
ac_cv_prog_ac_ct_CC=gcc
ac_cv_prog_cc_c89=
ac_cv_prog_cc_c99=
ac_cv_prog_cc_g=yes
ac_cv_type_pid_t=yes
ac_cv_type_size_t=yes

## ----------------- ##
## Output variables. ##
## ----------------- ##

CC='gcc'
CFLAGS='-g -O2  '
CPP='gcc -E'
CPPFLAGS=''
DEFS='-DHAVE_CONFIG_H'
DOUBLOON_EXPERIMENTAL='False'
DOUBLOON_HAVE_DWARF='True'
DOUBLOON_TEXTBOX_HEIGHT='30'
ECHO_C=''
ECHO_N='-n'
ECHO_T=''
EGREP='/usr/bin/grep -E'
EXEEXT=''
GREP='/usr/bin/grep'
LDFLAGS=''
LIBOBJS=''
LIBS='-ldwarf -lelf -lbfd '
LTLIBOBJS=''
OBJEXT='o'
PACKAGE_BUGREPORT='yval@cs.adelaide.edu.au'
PACKAGE_NAME='mastik'
PACKAGE_STRING='mastik 0.1'
PACKAGE_TARNAME='mastik'
PACKAGE_URL=''
PACKAGE_VERSION='0.1'
PATH_SEPARATOR=':'
PYTHON='/usr/bin/python3'
SHELL='/bin/bash'
SYMBOL_SRCS='symbol_bfd.c'
TOOLS=' Doubloon'
UNAME='/usr/bin/uname'
ac_ct_CC='gcc'
bindir='${exec_prefix}/bin'
build_alias=''
datadir='${datarootdir}'
datarootdir='${prefix}/share'
docdir='${datarootdir}/doc/${PACKAGE_TARNAME}'
dvidir='${docdir}'
exec_prefix='${prefix}'
host_alias=''
htmldir='${docdir}'
includedir='${prefix}/include'
infodir='${datarootdir}/info'
libdir='${exec_prefix}/lib'
libexecdir='${exec_prefix}/libexec'
localedir='${datarootdir}/locale'
localstatedir='${prefix}/var'
mandir='${datarootdir}/man'
oldincludedir='/usr/include'
pdfdir='${docdir}'
prefix='/usr/local'
program_transform_name='s,x,x,'
psdir='${docdir}'
sbindir='${exec_prefix}/sbin'
sharedstatedir='${prefix}/com'
sysconfdir='${prefix}/etc'
target_alias=''

## ----------- ##
## confdefs.h. ##
## ----------- ##

/* confdefs.h */
#define PACKAGE_NAME "mastik"
#define PACKAGE_TARNAME "mastik"
#define PACKAGE_VERSION "0.1"
#define PACKAGE_STRING "mastik 0.1"
#define PACKAGE_BUGREPORT "yval@cs.adelaide.edu.au"
#define PACKAGE_URL ""
#define STDC_HEADERS 1
#define HAVE_SYS_TYPES_H 1
#define HAVE_SYS_STAT_H 1
#define HAVE_STDLIB_H 1
#define HAVE_STRING_H 1
#define HAVE_MEMORY_H 1
#define HAVE_STRINGS_H 1
#define HAVE_INTTYPES_H 1
#define HAVE_STDINT_H 1
#define HAVE_UNISTD_H 1
#define HAVE_FCNTL_H 1
#define HAVE_STDINT_H 1
#define HAVE_STDLIB_H 1
#define HAVE_STRING_H 1
#define HAVE_STRINGS_H 1
#define HAVE_UNISTD_H 1
#define HAVE_SCHED_H 1
#define HAVE_SYS_PRCTL_H 1
#define HAVE_BFD_H 1
#define HAVE_LIBBFD 1
#define HAVE_LIBELF 1
#define HAVE_SYMBOLS 1
#define HAVE_LIBDWARF 1
#define HAVE_LIBDWARF_LIBDWARF_H 1
#define HAVE_DEBUG_SYMBOLS 1
#define HAVE_DWARF 1
#define HAVE_FORK 1
#define HAVE_VFORK 1
#define HAVE_WORKING_VFORK 1
#define HAVE_WORKING_FORK 1
#define HAVE_STDLIB_H 1
#define HAVE_MALLOC 1
#define HAVE_STDLIB_H 1
#define HAVE_UNISTD_H 1
#define HAVE_SYS_PARAM_H 1
#define HAVE_GETPAGESIZE 1
#define HAVE_MMAP 1
#define HAVE_STDLIB_H 1
#define HAVE_REALLOC 1
#define HAVE_BZERO 1
#define HAVE_MEMSET 1
#define HAVE_MUNMAP 1
#define HAVE_STRCHR 1
#define HAVE_STRDUP 1
#define HAVE_STRTOUL 1
#define HAVE_STRTOULL 1
#define HAVE_UNAME 1
#define HAVE_MMAP64 1
#define HAVE_SCHED_SETAFFINITY 1

configure: exit 0
